<?xml version="1.0" encoding="UTF-8"?>
<testng-results ignored="0" total="1" passed="1" failed="0" skipped="0">
  <reporter-output>
  </reporter-output>
  <suite started-at="2024-11-25T18:58:18 IST" name="Default suite" finished-at="2024-11-25T18:58:57 IST" duration-ms="38840">
    <groups>
      <group name="Integration">
        <method signature="Product_Supplier.Product_SupplierTest()[pri:0, instance:Nutrofusion_CRM.Product_Supplier@6e9175d8]" name="Product_SupplierTest" class="Nutrofusion_CRM.Product_Supplier"/>
      </group> <!-- Integration -->
    </groups>
    <test started-at="2024-11-25T18:58:18 IST" name="Default test" finished-at="2024-11-25T18:58:57 IST" duration-ms="38840">
      <class name="Nutrofusion_CRM.Product_Supplier">
        <test-method is-config="true" signature="BeforeSuite()[pri:0, instance:Nutrofusion_CRM.Product_Supplier@6e9175d8]" started-at="2024-11-25T18:58:17 IST" name="BeforeSuite" finished-at="2024-11-25T18:58:18 IST" duration-ms="1093" status="PASS">
          <reporter-output>
          </reporter-output>
        </test-method> <!-- BeforeSuite -->
        <test-method is-config="true" signature="BeforeClass(java.lang.String)[pri:0, instance:Nutrofusion_CRM.Product_Supplier@6e9175d8]" started-at="2024-11-25T18:58:18 IST" name="BeforeClass" finished-at="2024-11-25T18:58:20 IST" duration-ms="2352" status="PASS">
          <params>
            <param index="0">
              <value>
                <![CDATA[chrome]]>
              </value>
            </param>
          </params>
          <reporter-output>
          </reporter-output>
        </test-method> <!-- BeforeClass -->
        <test-method is-config="true" signature="executeBefore()[pri:0, instance:Nutrofusion_CRM.Product_Supplier@6e9175d8]" started-at="2024-11-25T18:58:20 IST" name="executeBefore" finished-at="2024-11-25T18:58:29 IST" duration-ms="8644" status="PASS">
          <reporter-output>
          </reporter-output>
        </test-method> <!-- executeBefore -->
        <test-method signature="Product_SupplierTest()[pri:0, instance:Nutrofusion_CRM.Product_Supplier@6e9175d8]" started-at="2024-11-25T18:58:29 IST" name="Product_SupplierTest" finished-at="2024-11-25T18:58:47 IST" duration-ms="18091" status="PASS">
          <reporter-output>
          </reporter-output>
        </test-method> <!-- Product_SupplierTest -->
        <test-method is-config="true" signature="executeAfter()[pri:0, instance:Nutrofusion_CRM.Product_Supplier@6e9175d8]" started-at="2024-11-25T18:58:47 IST" name="executeAfter" finished-at="2024-11-25T18:58:55 IST" duration-ms="7324" status="PASS">
          <reporter-output>
          </reporter-output>
        </test-method> <!-- executeAfter -->
        <test-method is-config="true" signature="Afterclass()[pri:0, instance:Nutrofusion_CRM.Product_Supplier@6e9175d8]" started-at="2024-11-25T18:58:55 IST" name="Afterclass" finished-at="2024-11-25T18:58:57 IST" duration-ms="2389" status="PASS">
          <reporter-output>
          </reporter-output>
        </test-method> <!-- Afterclass -->
        <test-method is-config="true" signature="AfterSuite()[pri:0, instance:Nutrofusion_CRM.Product_Supplier@6e9175d8]" started-at="2024-11-25T18:58:57 IST" name="AfterSuite" finished-at="2024-11-25T18:58:57 IST" duration-ms="1" status="PASS">
          <reporter-output>
          </reporter-output>
        </test-method> <!-- AfterSuite -->
      </class> <!-- Nutrofusion_CRM.Product_Supplier -->
    </test> <!-- Default test -->
  </suite> <!-- Default suite -->
</testng-results>
