<?xml version="1.0" encoding="UTF-8"?>
<!-- Generated by org.testng.reporters.JUnitXMLReporter -->
<testsuite ignored="2" hostname="YASHAWANTH" failures="0" tests="2" name="Test" time="44.608" errors="0" timestamp="2024-11-25T18:39:28 IST">
  <testcase classname="Nutrofusion_CRM.Create_PurchaseOrder" name="Create_PurcahseOrderTest" time="21.665"/>
  <testcase classname="Nutrofusion_CRM.Product_Supplier" name="Product_SupplierTest" time="23.301"/>
  <testcase classname="Nutro_CRM_generic.Baseutility.BaseTestforRealProject" name="@AfterSuite AfterSuite" time="0.0">
    <ignored/>
  </testcase> <!-- @AfterSuite AfterSuite -->
  <testcase classname="Nutro_CRM_generic.Baseutility.BaseTestforRealProject" name="@BeforeSuite BeforeSuite" time="0.0">
    <ignored/>
  </testcase> <!-- @BeforeSuite BeforeSuite -->
</testsuite> <!-- Test -->
